{"level":"info","message":"Method:GET Path:/api/auth/login Request Body:{}","timestamp":"2020-08-09T12:00:55.682Z"}
{"level":"info","message":"--------------------------------------------------","timestamp":"2020-08-09T12:00:55.684Z"}
{"level":"info","message":"Method:GET Path:/api/auth/login Request Body:{}","timestamp":"2020-08-09T12:01:03.373Z"}
{"level":"info","message":"--------------------------------------------------","timestamp":"2020-08-09T12:01:03.374Z"}
{"level":"info","message":"Method:GET Path:/api/auth/login Request Body:{}","timestamp":"2020-08-09T12:03:35.401Z"}
{"level":"info","message":"--------------------------------------------------","timestamp":"2020-08-09T12:03:35.403Z"}
{"level":"info","message":"Method:GET Path:/api/auth/login Request Body:{}","timestamp":"2020-08-09T12:05:35.443Z"}
{"level":"info","message":"--------------------------------------------------","timestamp":"2020-08-09T12:05:35.444Z"}
{"level":"info","message":"Method:GET Path:/api/auth/login Request Body:{}","timestamp":"2020-08-09T12:06:15.020Z"}
{"level":"info","message":"--------------------------------------------------","timestamp":"2020-08-09T12:06:15.020Z"}
{"level":"info","message":"Method:GET Path:/api/auth/login Request Body:{}","timestamp":"2020-08-09T12:07:31.261Z"}
{"level":"info","message":"--------------------------------------------------","timestamp":"2020-08-09T12:07:31.263Z"}
{"level":"info","message":"Method:GET Path:/api/auth/login Request Body:{}","timestamp":"2020-08-09T12:08:51.353Z"}
{"level":"info","message":"--------------------------------------------------","timestamp":"2020-08-09T12:08:51.354Z"}
{"level":"info","message":"Method:GET Path:/api/auth/login Request Body:{}","timestamp":"2020-08-09T12:09:10.271Z"}
{"level":"info","message":"--------------------------------------------------","timestamp":"2020-08-09T12:09:10.271Z"}
{"level":"info","message":"Method:GET Path:/api/auth/login Request Body:{}","timestamp":"2020-08-09T12:09:23.858Z"}
{"level":"info","message":"--------------------------------------------------","timestamp":"2020-08-09T12:09:23.860Z"}
{"level":"info","message":"Method:GET Path:/api/auth/login Request Body:{}","timestamp":"2020-08-09T12:10:21.310Z"}
{"level":"info","message":"--------------------------------------------------","timestamp":"2020-08-09T12:10:21.311Z"}
{"level":"info","message":"Method:GET Path:/api/auth/login Request Body:{}","timestamp":"2020-08-09T12:10:27.290Z"}
{"level":"info","message":"--------------------------------------------------","timestamp":"2020-08-09T12:10:27.290Z"}
{"level":"info","message":"Method:GET Path:/api/auth/lo Request Body:{}","timestamp":"2020-08-09T12:10:34.305Z"}
{"level":"info","message":"--------------------------------------------------","timestamp":"2020-08-09T12:10:34.305Z"}
{"level":"info","message":"Method:GET Path:/api/auth/lo Request Body:{}","timestamp":"2020-08-09T12:10:41.338Z"}
{"level":"info","message":"--------------------------------------------------","timestamp":"2020-08-09T12:10:41.339Z"}
{"level":"info","message":"Method:GET Path:/api/auth/ Request Body:{}","timestamp":"2020-08-09T12:10:52.522Z"}
{"level":"info","message":"--------------------------------------------------","timestamp":"2020-08-09T12:10:52.522Z"}
{"level":"info","message":"Method:GET Path:/api Request Body:{}","timestamp":"2020-08-09T12:11:58.355Z"}
{"level":"info","message":"--------------------------------------------------","timestamp":"2020-08-09T12:11:58.355Z"}
{"level":"info","message":"Method:GET Path:/api Request Body:{}","timestamp":"2020-08-09T12:12:03.091Z"}
{"level":"info","message":"--------------------------------------------------","timestamp":"2020-08-09T12:12:03.092Z"}
{"level":"info","message":"Method:GET Path:/api Request Body:{}","timestamp":"2020-08-09T12:12:06.097Z"}
{"level":"info","message":"--------------------------------------------------","timestamp":"2020-08-09T12:12:06.097Z"}
{"level":"info","message":"Method:GET Path:/api/auth/login Request Body:{}","timestamp":"2020-08-09T12:12:21.315Z"}
{"level":"info","message":"--------------------------------------------------","timestamp":"2020-08-09T12:12:21.315Z"}
{"level":"info","message":"Method:GET Path:/api/auth/login Request Body:{}","timestamp":"2020-08-09T12:12:29.902Z"}
{"level":"info","message":"--------------------------------------------------","timestamp":"2020-08-09T12:12:29.902Z"}
{"level":"info","message":"Method:GET Path:/api/auth/login Request Body:{}","timestamp":"2020-08-09T12:12:40.130Z"}
{"level":"info","message":"--------------------------------------------------","timestamp":"2020-08-09T12:12:40.130Z"}
{"level":"info","message":"Method:GET Path:/api/auth/login Request Body:{}","timestamp":"2020-08-09T12:12:58.242Z"}
{"level":"info","message":"--------------------------------------------------","timestamp":"2020-08-09T12:12:58.243Z"}
{"level":"info","message":"Method:GET Path:/api/auth/login Request Body:{}","timestamp":"2020-08-09T12:13:42.892Z"}
{"level":"info","message":"--------------------------------------------------","timestamp":"2020-08-09T12:13:42.893Z"}
{"level":"info","message":"Method:GET Path:/api/auth/login Request Body:{}","timestamp":"2020-08-09T12:14:00.085Z"}
{"level":"info","message":"--------------------------------------------------","timestamp":"2020-08-09T12:14:00.086Z"}
{"level":"info","message":"Method:GET Path:/api/auth Request Body:{}","timestamp":"2020-08-09T12:14:14.965Z"}
{"level":"info","message":"--------------------------------------------------","timestamp":"2020-08-09T12:14:14.966Z"}
{"level":"info","message":"Method:GET Path:/api Request Body:{}","timestamp":"2020-08-09T12:14:19.044Z"}
{"level":"info","message":"--------------------------------------------------","timestamp":"2020-08-09T12:14:19.044Z"}
{"level":"info","message":"Method:GET Path:/api/user/ Request Body:{}","timestamp":"2020-08-09T12:14:58.283Z"}
{"level":"info","message":"--------------------------------------------------","timestamp":"2020-08-09T12:14:58.284Z"}
{"level":"info","message":"Method:GET Path:/api/users/ Request Body:{}","timestamp":"2020-08-09T12:15:18.295Z"}
{"level":"info","message":"--------------------------------------------------","timestamp":"2020-08-09T12:15:18.295Z"}
{"level":"info","message":"Method:GET Path:/api/users/ Request Body:{}","timestamp":"2020-08-09T12:17:11.340Z"}
{"level":"info","message":"--------------------------------------------------","timestamp":"2020-08-09T12:17:11.342Z"}
{"level":"info","message":"Method:GET Path:/api/auth/login Request Body:{}","timestamp":"2020-08-09T12:17:54.920Z"}
{"level":"info","message":"--------------------------------------------------","timestamp":"2020-08-09T12:17:54.921Z"}
{"level":"info","message":"Method:GET Path:/favicon.ico Request Body:{}","timestamp":"2020-08-09T12:17:55.246Z"}
{"level":"info","message":"--------------------------------------------------","timestamp":"2020-08-09T12:17:55.247Z"}
{"level":"info","message":"Method:GET Path:/api/users/ Request Body:{}","timestamp":"2020-08-09T12:18:24.034Z"}
{"level":"info","message":"--------------------------------------------------","timestamp":"2020-08-09T12:18:24.035Z"}
{"level":"info","message":"Method:GET Path:/api/auth/login Request Body:{}","timestamp":"2020-08-09T12:48:57.511Z"}
{"level":"info","message":"--------------------------------------------------","timestamp":"2020-08-09T12:48:57.512Z"}
