{"level":"info","message":"Method:GET Path:/api/users Request Body:{}","timestamp":"2020-08-11T07:55:49.670Z"}
{"level":"info","message":"--------------------------------------------------","timestamp":"2020-08-11T07:55:49.676Z"}
{"level":"info","message":"Method:POST Path:/api/auth Request Body:{}","timestamp":"2020-08-11T10:00:50.427Z"}
{"level":"info","message":"--------------------------------------------------","timestamp":"2020-08-11T10:00:50.429Z"}
{"level":"info","message":"Method:POST Path:/api/auth/login Request Body:{}","timestamp":"2020-08-11T10:01:30.651Z"}
{"level":"info","message":"--------------------------------------------------","timestamp":"2020-08-11T10:01:30.651Z"}
{"level":"error","timestamp":"2020-08-11T10:01:30.654Z"}
{"level":"info","message":"Method:POST Path:/api/auth/login Request Body:{}","timestamp":"2020-08-11T10:06:36.316Z"}
{"level":"info","message":"--------------------------------------------------","timestamp":"2020-08-11T10:06:36.317Z"}
{"level":"error","timestamp":"2020-08-11T10:06:36.318Z"}
{"level":"info","message":"Method:POST Path:/api/auth/login Request Body:{}","timestamp":"2020-08-11T10:11:25.426Z"}
{"level":"info","message":"--------------------------------------------------","timestamp":"2020-08-11T10:11:25.426Z"}
{"level":"error","timestamp":"2020-08-11T10:11:25.427Z"}
{"level":"info","message":"Method:POST Path:/api/auth/login Request Body:{}","timestamp":"2020-08-11T10:15:50.763Z"}
{"level":"info","message":"--------------------------------------------------","timestamp":"2020-08-11T10:15:50.764Z"}
{"level":"error","timestamp":"2020-08-11T10:15:50.765Z"}
{"level":"info","message":"Method:POST Path:/api/auth/login Request Body:{}","timestamp":"2020-08-11T10:17:42.134Z"}
{"level":"info","message":"--------------------------------------------------","timestamp":"2020-08-11T10:17:42.134Z"}
{"level":"error","timestamp":"2020-08-11T10:17:42.135Z"}
{"level":"info","message":"Method:POST Path:/api/auth/login Request Body:{}","timestamp":"2020-08-11T10:19:08.534Z"}
{"level":"info","message":"--------------------------------------------------","timestamp":"2020-08-11T10:19:08.535Z"}
{"level":"error","timestamp":"2020-08-11T10:19:08.536Z"}
{"level":"info","message":"Method:POST Path:/api/auth/login Request Body:{}","timestamp":"2020-08-11T10:19:24.804Z"}
{"level":"info","message":"--------------------------------------------------","timestamp":"2020-08-11T10:19:24.804Z"}
{"level":"error","timestamp":"2020-08-11T10:19:24.806Z"}
{"level":"info","message":"Method:POST Path:/api/auth/login Request Body:{}","timestamp":"2020-08-11T10:19:36.503Z"}
{"level":"info","message":"--------------------------------------------------","timestamp":"2020-08-11T10:19:36.503Z"}
{"level":"error","timestamp":"2020-08-11T10:19:36.504Z"}
{"level":"info","message":"Method:POST Path:/api/auth/login Request Body:{}","timestamp":"2020-08-11T10:21:14.660Z"}
{"level":"info","message":"--------------------------------------------------","timestamp":"2020-08-11T10:21:14.660Z"}
{"level":"error","timestamp":"2020-08-11T10:21:14.661Z"}
{"level":"info","message":"Method:POST Path:/api/auth/login Request Body:{}","timestamp":"2020-08-11T10:21:47.875Z"}
{"level":"info","message":"--------------------------------------------------","timestamp":"2020-08-11T10:21:47.875Z"}
{"level":"error","timestamp":"2020-08-11T10:21:47.877Z"}
{"level":"info","message":"Method:POST Path:/api/auth/login Request Body:{}","timestamp":"2020-08-11T10:44:51.066Z"}
{"level":"info","message":"--------------------------------------------------","timestamp":"2020-08-11T10:44:51.066Z"}
{"level":"error","timestamp":"2020-08-11T10:44:51.067Z"}
{"level":"info","message":"Method:POST Path:/api/auth/login Request Body:{}","timestamp":"2020-08-11T10:45:15.273Z"}
{"level":"info","message":"--------------------------------------------------","timestamp":"2020-08-11T10:45:15.273Z"}
{"level":"error","timestamp":"2020-08-11T10:45:15.274Z"}
{"level":"info","message":"Method:POST Path:/api/auth/login Request Body:{}","timestamp":"2020-08-11T10:45:54.330Z"}
{"level":"info","message":"--------------------------------------------------","timestamp":"2020-08-11T10:45:54.330Z"}
{"level":"error","timestamp":"2020-08-11T10:45:54.331Z"}
{"level":"info","message":"Method:POST Path:/api/auth/login Request Body:{}","timestamp":"2020-08-11T10:52:42.309Z"}
{"level":"info","message":"--------------------------------------------------","timestamp":"2020-08-11T10:52:42.309Z"}
{"level":"error","timestamp":"2020-08-11T10:52:42.310Z"}
{"level":"info","message":"Method:POST Path:/api/auth/login Request Body:{}","timestamp":"2020-08-11T10:52:44.990Z"}
{"level":"info","message":"--------------------------------------------------","timestamp":"2020-08-11T10:52:44.991Z"}
{"level":"error","timestamp":"2020-08-11T10:52:44.992Z"}
{"level":"info","message":"Method:POST Path:/api/auth/login Request Body:{}","timestamp":"2020-08-11T10:52:48.318Z"}
{"level":"info","message":"--------------------------------------------------","timestamp":"2020-08-11T10:52:48.319Z"}
{"level":"error","timestamp":"2020-08-11T10:52:48.320Z"}
{"level":"info","message":"Method:POST Path:/api/auth/login Request Body:{}","timestamp":"2020-08-11T10:52:52.948Z"}
{"level":"info","message":"--------------------------------------------------","timestamp":"2020-08-11T10:52:52.948Z"}
{"level":"error","timestamp":"2020-08-11T10:52:52.949Z"}
{"level":"info","message":"Method:POST Path:/api/auth/login Request Body:{}","timestamp":"2020-08-11T12:53:54.832Z"}
{"level":"info","message":"--------------------------------------------------","timestamp":"2020-08-11T12:53:54.832Z"}
{"level":"error","timestamp":"2020-08-11T12:53:54.833Z"}
{"level":"info","message":"Method:POST Path:/api/auth/login Request Body:{}","timestamp":"2020-08-11T12:54:08.099Z"}
{"level":"info","message":"--------------------------------------------------","timestamp":"2020-08-11T12:54:08.099Z"}
{"level":"error","timestamp":"2020-08-11T12:54:08.100Z"}
{"level":"info","message":"Method:POST Path:/api/auth/login Request Body:{}","timestamp":"2020-08-11T12:54:50.076Z"}
{"level":"info","message":"--------------------------------------------------","timestamp":"2020-08-11T12:54:50.077Z"}
{"level":"error","timestamp":"2020-08-11T12:54:50.078Z"}
{"level":"info","message":"Method:POST Path:/api/auth/login Request Body:{}","timestamp":"2020-08-11T12:56:19.359Z"}
{"level":"info","message":"--------------------------------------------------","timestamp":"2020-08-11T12:56:19.359Z"}
{"level":"error","timestamp":"2020-08-11T12:56:19.360Z"}
{"level":"info","message":"Method:POST Path:/api/auth/login Request Body:{}","timestamp":"2020-08-11T12:57:02.124Z"}
{"level":"info","message":"--------------------------------------------------","timestamp":"2020-08-11T12:57:02.125Z"}
{"level":"error","timestamp":"2020-08-11T12:57:02.126Z"}
{"level":"info","message":"Method:POST Path:/api/auth/login Request Body:{}","timestamp":"2020-08-11T12:57:40.132Z"}
{"level":"info","message":"--------------------------------------------------","timestamp":"2020-08-11T12:57:40.132Z"}
{"level":"error","timestamp":"2020-08-11T12:57:40.133Z"}
{"level":"info","message":"Method:POST Path:/api/auth/login Request Body:{}","timestamp":"2020-08-11T12:59:21.193Z"}
{"level":"info","message":"--------------------------------------------------","timestamp":"2020-08-11T12:59:21.194Z"}
{"level":"error","message":"Authentication Failed, Invalid username: undefined","timestamp":"2020-08-11T12:59:21.275Z"}
{"level":"info","message":"Method:POST Path:/api/auth/login Request Body:{}","timestamp":"2020-08-11T12:59:42.216Z"}
{"level":"info","message":"--------------------------------------------------","timestamp":"2020-08-11T12:59:42.217Z"}
{"level":"error","message":"Authentication Failed, Invalid username: undefined","timestamp":"2020-08-11T12:59:42.225Z"}
{"level":"info","message":"Method:POST Path:/api/auth/login Request Body:{}","timestamp":"2020-08-11T12:59:57.492Z"}
{"level":"info","message":"--------------------------------------------------","timestamp":"2020-08-11T12:59:57.493Z"}
{"level":"error","message":"Authentication Failed, Invalid username: undefined","timestamp":"2020-08-11T12:59:57.499Z"}
{"level":"info","message":"Method:POST Path:/api/auth/login Request Body:{}","timestamp":"2020-08-11T13:00:40.959Z"}
{"level":"info","message":"--------------------------------------------------","timestamp":"2020-08-11T13:00:40.959Z"}
{"level":"error","message":"Authentication Failed, Invalid username: undefined","timestamp":"2020-08-11T13:00:40.966Z"}
{"level":"info","message":"Method:POST Path:/api/auth/login Request Body:{}","timestamp":"2020-08-11T13:02:55.725Z"}
{"level":"info","message":"--------------------------------------------------","timestamp":"2020-08-11T13:02:55.725Z"}
{"level":"error","message":"Authentication Failed, Invalid username: undefined","timestamp":"2020-08-11T13:02:55.731Z"}
{"level":"info","message":"Method:POST Path:/api/auth/login Request Body:{}","timestamp":"2020-08-11T13:05:34.259Z"}
{"level":"info","message":"--------------------------------------------------","timestamp":"2020-08-11T13:05:34.259Z"}
{"level":"error","message":"Authentication Failed, Invalid username: undefined","timestamp":"2020-08-11T13:05:34.266Z"}
{"level":"info","message":"Method:POST Path:/api/auth/login Request Body:{}","timestamp":"2020-08-11T13:06:20.049Z"}
{"level":"info","message":"--------------------------------------------------","timestamp":"2020-08-11T13:06:20.049Z"}
{"level":"error","message":"Authentication Failed, Invalid username: undefined","timestamp":"2020-08-11T13:06:20.056Z"}
{"level":"info","message":"Method:POST Path:/api/auth/login Request Body:{}","timestamp":"2020-08-11T13:06:56.241Z"}
{"level":"info","message":"--------------------------------------------------","timestamp":"2020-08-11T13:06:56.242Z"}
{"level":"error","message":"Authentication Failed, Invalid username: undefined","timestamp":"2020-08-11T13:06:56.247Z"}
{"level":"info","message":"Method:POST Path:/api/auth/login Request Body:{}","timestamp":"2020-08-11T13:07:15.431Z"}
{"level":"info","message":"--------------------------------------------------","timestamp":"2020-08-11T13:07:15.432Z"}
{"level":"error","message":"Authentication Failed, Invalid username: undefined","timestamp":"2020-08-11T13:07:15.437Z"}
